<?xml version="1.0" encoding="UTF-8"?>
<testsuite name="com.imgzon3.test.springboot.web.dto.HelloResponseDtoTest" tests="1" skipped="0" failures="0" errors="0" timestamp="2021-07-12T12:51:07" hostname="DESKTOP-3TFPCKA" time="0.056">
  <properties/>
  <testcase name="롬복_기능_테스트" classname="com.imgzon3.test.springboot.web.dto.HelloResponseDtoTest" time="0.056"/>
  <system-out><![CDATA[]]></system-out>
  <system-err><![CDATA[]]></system-err>
</testsuite>
